<?xml version="1.0" encoding="UTF-8"?>
<!-- Generated by org.testng.reporters.JUnitReportReporter -->
<testsuite skipped="0" hostname="DESKTOP-4JIC4PE" name="LoginPageTest" tests="2" failures="0" timestamp="01 May 2019 12:56:06 GMT" time="26.852" errors="0">
  <testcase name="driver" time="13.539" classname="LoginPageTest"/>
  <testcase name="USer1" time="13.313" classname="LoginPageTest"/>
</testsuite> <!-- LoginPageTest -->
